orlis/open_source_benchmarks/apps/org.pulpdust.lesserpad_37_src.tar.gz/app/build/outputs/logs/manifest-merger-release-report.txt
-- Merging decision tree log ---
manifest
ADDED from src/main/AndroidManifest.xml:1:1-74:12
	package
		ADDED from src/main/AndroidManifest.xml:2:5-37
		INJECTED from src/main/AndroidManifest.xml
		INJECTED from src/main/AndroidManifest.xml
	android:versionName
		ADDED from src/main/AndroidManifest.xml:5:5-32
		INJECTED from src/main/AndroidManifest.xml
		INJECTED from src/main/AndroidManifest.xml
	android:versionCode
		ADDED from src/main/AndroidManifest.xml:4:5-29
		INJECTED from src/main/AndroidManifest.xml
		INJECTED from src/main/AndroidManifest.xml
	xmlns:android
		ADDED from src/main/AndroidManifest.xml:1:11-69
	android:installLocation
		ADDED from src/main/AndroidManifest.xml:3:5-35
uses-sdk
ADDED from src/main/AndroidManifest.xml:7:5-9:41
	android:targetSdkVersion
		ADDED from src/main/AndroidManifest.xml:9:9-38
		INJECTED from src/main/AndroidManifest.xml
		INJECTED from src/main/AndroidManifest.xml
	android:minSdkVersion
		ADDED from src/main/AndroidManifest.xml:8:9-34
		INJECTED from src/main/AndroidManifest.xml
		INJECTED from src/main/AndroidManifest.xml
uses-permission#android.permission.WRITE_EXTERNAL_STORAGE
ADDED from src/main/AndroidManifest.xml:11:5-81
	android:name
		ADDED from src/main/AndroidManifest.xml:11:22-78
application
ADDED from src/main/AndroidManifest.xml:13:5-72:19
	android:label
		ADDED from src/main/AndroidManifest.xml:15:9-41
	android:allowBackup
		ADDED from src/main/AndroidManifest.xml:17:10-36
	android:icon
		ADDED from src/main/AndroidManifest.xml:14:9-45
activity#org.pulpdust.lesserpad.LesserPadListActivity
ADDED from src/main/AndroidManifest.xml:18:9-27:20
	android:label
		ADDED from src/main/AndroidManifest.xml:20:13-67
	android:launchMode
		ADDED from src/main/AndroidManifest.xml:21:13-43
	android:uiOptions
		ADDED from src/main/AndroidManifest.xml:22:13-57
	android:name
		ADDED from src/main/AndroidManifest.xml:19:13-50
intent-filter#android.intent.action.MAIN+android.intent.category.LAUNCHER
ADDED from src/main/AndroidManifest.xml:23:13-26:29
action#android.intent.action.MAIN
ADDED from src/main/AndroidManifest.xml:24:17-69
	android:name
		ADDED from src/main/AndroidManifest.xml:24:25-66
category#android.intent.category.LAUNCHER
ADDED from src/main/AndroidManifest.xml:25:17-77
	android:name
		ADDED from src/main/AndroidManifest.xml:25:27-74
activity#org.pulpdust.lesserpad.LesserPadActivity
ADDED from src/main/AndroidManifest.xml:28:9-57:20
	android:label
		ADDED from src/main/AndroidManifest.xml:30:13-62
	android:windowSoftInputMode
		ADDED from src/main/AndroidManifest.xml:31:13-55
	android:theme
		ADDED from src/main/AndroidManifest.xml:32:13-56
	android:name
		ADDED from src/main/AndroidManifest.xml:29:13-46
intent-filter#android.intent.action.EDIT+android.intent.category.DEFAULT
ADDED from src/main/AndroidManifest.xml:33:13-39:29
action#android.intent.action.EDIT
ADDED from src/main/AndroidManifest.xml:34:17-69
	android:name
		ADDED from src/main/AndroidManifest.xml:34:25-66
category#android.intent.category.DEFAULT
ADDED from src/main/AndroidManifest.xml:35:17-76
	android:name
		ADDED from src/main/AndroidManifest.xml:35:27-73
data
ADDED from src/main/AndroidManifest.xml:36:17-38:45
	android:scheme
		ADDED from src/main/AndroidManifest.xml:38:21-42
	android:mimeType
		ADDED from src/main/AndroidManifest.xml:37:21-50
intent-filter#android.intent.action.VIEW+android.intent.category.DEFAULT
ADDED from src/main/AndroidManifest.xml:40:13-46:29
action#android.intent.action.VIEW
ADDED from src/main/AndroidManifest.xml:41:17-69
	android:name
		ADDED from src/main/AndroidManifest.xml:41:25-66
intent-filter#android.intent.category.DEFAULT+org.pulpdust.lesserpad.EDIT
ADDED from src/main/AndroidManifest.xml:47:13-51:29
action#org.pulpdust.lesserpad.EDIT
ADDED from src/main/AndroidManifest.xml:48:17-70
	android:name
		ADDED from src/main/AndroidManifest.xml:48:25-67
intent-filter#android.intent.category.DEFAULT+org.pulpdust.lesserpad.NEW
ADDED from src/main/AndroidManifest.xml:52:13-56:29
action#org.pulpdust.lesserpad.NEW
ADDED from src/main/AndroidManifest.xml:53:17-69
	android:name
		ADDED from src/main/AndroidManifest.xml:53:25-66
activity#org.pulpdust.lesserpad.LesserPadPrefs
ADDED from src/main/AndroidManifest.xml:58:9-60:20
	android:label
		ADDED from src/main/AndroidManifest.xml:59:13-68
	android:name
		ADDED from src/main/AndroidManifest.xml:58:19-49
activity#org.pulpdust.lesserpad.CategoryEditor
ADDED from src/main/AndroidManifest.xml:61:9-65:20
	android:label
		ADDED from src/main/AndroidManifest.xml:63:13-67
	android:theme
		ADDED from src/main/AndroidManifest.xml:64:13-56
	android:name
		ADDED from src/main/AndroidManifest.xml:62:13-43
activity#org.pulpdust.lesserpad.ProtectActivity
ADDED from src/main/AndroidManifest.xml:66:9-71:20
	android:label
		ADDED from src/main/AndroidManifest.xml:68:13-51
	android:windowSoftInputMode
		ADDED from src/main/AndroidManifest.xml:70:13-55
	android:theme
		ADDED from src/main/AndroidManifest.xml:69:13-56
	android:name
		ADDED from src/main/AndroidManifest.xml:67:13-44